<?xml version="1.0" encoding="UTF-8"?>
<testsuite name="socialnetwork.service.PrietenieServiceTest" tests="1" skipped="0" failures="0" errors="0" timestamp="2020-10-26T00:30:30" hostname="DESKTOP-FJU0581" time="0.036">
  <properties/>
  <testcase name="stergePrietenie()" classname="socialnetwork.service.PrietenieServiceTest" time="0.036"/>
  <system-out><![CDATA[3,4:Prietenie{user1='3', user2='4'}
2,3:Prietenie{user1='2', user2='3'}
2,4:Prietenie{user1='2', user2='4'}
1,4:Prietenie{user1='1', user2='4'}
]]></system-out>
  <system-err><![CDATA[]]></system-err>
</testsuite>
